<?xml version="1.0" encoding="UTF-8"?>
<!-- Generated by org.testng.reporters.JUnitReportReporter -->
<testsuite hostname="DESKTOP-VKM30B9" failures="0" tests="4" name="api.test.UserTests" time="8.221" errors="0" timestamp="2024-12-29T18:04:59 IST" skipped="0">
  <testcase classname="api.test.UserTests" name="testPostUser" time="4.541"/>
  <testcase classname="api.test.UserTests" name="getUserByName" time="1.233"/>
  <testcase classname="api.test.UserTests" name="updateUserByName" time="1.223"/>
  <testcase classname="api.test.UserTests" name="deleteUserByName" time="1.224"/>
</testsuite> <!-- api.test.UserTests -->
