<?xml version="1.0" encoding="UTF-8"?>
<!-- Generated by org.testng.reporters.JUnitReportReporter -->
<testsuite hostname="DESKTOP-VKM30B9" failures="0" tests="4" name="api.test.UserTests2" time="9.184" errors="0" timestamp="2024-12-30T06:13:56 IST" skipped="0">
  <testcase classname="api.test.UserTests2" name="testPostUser" time="4.304"/>
  <testcase classname="api.test.UserTests2" name="getUserByName" time="1.312"/>
  <testcase classname="api.test.UserTests2" name="updateUserByName" time="2.291"/>
  <testcase classname="api.test.UserTests2" name="deleteUserByName" time="1.277"/>
</testsuite> <!-- api.test.UserTests2 -->
