<?xml version="1.0" encoding="UTF-8"?>
<!-- Generated by org.testng.reporters.JUnitReportReporter -->
<testsuite hostname="DESKTOP-VKM30B9" failures="0" tests="6" name="api.test.DDTests" time="14.960" errors="0" timestamp="2024-12-30T07:14:06 IST" skipped="0">
  <testcase classname="api.test.DDTests" name="testPostUser" time="2.183"/>
  <testcase classname="api.test.DDTests" name="testPostUser" time="3.466"/>
  <testcase classname="api.test.DDTests" name="testPostUser" time="4.430"/>
  <testcase classname="api.test.DDTests" name="deleteByName" time="2.487"/>
  <testcase classname="api.test.DDTests" name="deleteByName" time="1.181"/>
  <testcase classname="api.test.DDTests" name="deleteByName" time="1.213"/>
</testsuite> <!-- api.test.DDTests -->
