<?xml version="1.0" encoding="UTF-8"?>
<!-- Generated by org.testng.reporters.JUnitReportReporter -->
<testsuite hostname="DESKTOP-VKM30B9" failures="0" tests="4" name="api.test.UserTests" time="4.865" errors="0" timestamp="2024-12-30T07:14:06 IST" skipped="0">
  <testcase classname="api.test.UserTests" name="testPostUser" time="1.210"/>
  <testcase classname="api.test.UserTests" name="getUserByName" time="1.212"/>
  <testcase classname="api.test.UserTests" name="updateUserByName" time="1.225"/>
  <testcase classname="api.test.UserTests" name="deleteUserByName" time="1.218"/>
</testsuite> <!-- api.test.UserTests -->
